<?xml version="1.0" encoding="UTF-8"?>
<!-- Generated by org.testng.reporters.JUnitReportReporter -->
<testsuite hostname="Bindu" failures="0" tests="1" name="com.Nexgen.testscripts.TC3_CreateNewCustomer" time="62.904" errors="0" timestamp="2021-04-28T12:02:29 PDT" skipped="0">
  <testcase classname="com.Nexgen.testscripts.TC3_CreateNewCustomer" name="customercreation" time="62.904"/>
</testsuite> <!-- com.Nexgen.testscripts.TC3_CreateNewCustomer -->
