<?xml version="1.0" encoding="UTF-8"?>
<!-- Generated by org.testng.reporters.JUnitReportReporter -->
<testsuite hostname="Bindu" failures="0" tests="1" name="com.Nexgen.testscripts.TC1_CreateNewUser" time="65.338" errors="0" timestamp="2021-05-03T13:58:38 PDT" skipped="0">
  <testcase classname="com.Nexgen.testscripts.TC1_CreateNewUser" name="newusercreation" time="65.338"/>
</testsuite> <!-- com.Nexgen.testscripts.TC1_CreateNewUser -->
