<?xml version="1.0" encoding="UTF-8"?>
<!-- Generated by org.testng.reporters.JUnitReportReporter -->
<testsuite hostname="Bindu" failures="0" tests="1" name="com.Nexgen.testscripts.TC4_CreateNewServiceRequest" time="48.724" errors="0" timestamp="2021-05-07T15:22:18 PDT" skipped="0">
  <testcase classname="com.Nexgen.testscripts.TC4_CreateNewServiceRequest" name="servicerequestcreation" time="48.724"/>
</testsuite> <!-- com.Nexgen.testscripts.TC4_CreateNewServiceRequest -->
