<?xml version="1.0" encoding="UTF-8"?>
<!-- Generated by org.testng.reporters.JUnitReportReporter -->
<testsuite hostname="Bindu" failures="0" tests="1" name="com.Nexgen.testscripts.TC2_TagUserToEmployee" time="64.591" errors="0" timestamp="2021-05-16T15:15:08 PDT" skipped="0">
  <testcase classname="com.Nexgen.testscripts.TC2_TagUserToEmployee" name="employeeCreation" time="64.591"/>
</testsuite> <!-- com.Nexgen.testscripts.TC2_TagUserToEmployee -->
