<?xml version="1.0" encoding="UTF-8"?>
<!-- Generated by org.testng.reporters.JUnitReportReporter -->
<testsuite hostname="Bindu" failures="0" tests="1" name="com.Nexgen.testscripts.TC4_CreateServiceRequestandWorkOrder" time="77.943" errors="0" timestamp="2021-05-10T12:58:33 PDT" skipped="0">
  <testcase classname="com.Nexgen.testscripts.TC4_CreateServiceRequestandWorkOrder" name="servicerequestcreation" time="77.943"/>
</testsuite> <!-- com.Nexgen.testscripts.TC4_CreateServiceRequestandWorkOrder -->
